<?xml version="1.0" encoding="UTF-8"?>
<!-- Generated by org.testng.reporters.JUnitReportReporter -->
<testsuite hostname="shashank-HP-Pavilion-Sleekbook-15-PC" name="HandlingSSLCertificate.LearningHandlingSSL" tests="1" failures="0" timestamp="14 May 2019 06:32:23 GMT" time="17.221" errors="0">
  <testcase name="handleCertificate" time="17.221" classname="HandlingSSLCertificate.LearningHandlingSSL"/>
</testsuite> <!-- HandlingSSLCertificate.LearningHandlingSSL -->
