<?xml version="1.0" encoding="UTF-8"?>
<!-- Generated by org.testng.reporters.JUnitReportReporter -->
<testsuite hostname="sb-HP-Pavilion-Sleekbook-15-PC" failures="0" tests="1" name="FlipKart.FKIphoneAveragePrice" time="17.676" errors="0" timestamp="24 Jul 2019 05:57:25 GMT" skipped="0">
  <testcase classname="FlipKart.FKIphoneAveragePrice" name="doLoginandLogout" time="17.676"/>
</testsuite> <!-- FlipKart.FKIphoneAveragePrice -->
