<?xml version="1.0" encoding="UTF-8"?>
<!-- Generated by org.testng.reporters.JUnitReportReporter -->
<testsuite hostname="sb-HP-Pavilion-Sleekbook-15-PC" failures="0" tests="1" name="FlipKart.SignInandSignOut" time="15.091" errors="0" timestamp="15 Jul 2019 11:07:55 GMT" skipped="0">
  <testcase classname="FlipKart.SignInandSignOut" name="doLoginandLogout" time="15.091"/>
</testsuite> <!-- FlipKart.SignInandSignOut -->
