<?xml version="1.0" encoding="UTF-8"?>
<!-- Generated by org.testng.reporters.JUnitReportReporter -->
<testsuite hostname="sb-HP-Pavilion-Sleekbook-15-PC" failures="0" tests="1" name="FlipKart.SignInandSignOut" time="47.220" errors="0" timestamp="02 Jul 2019 12:27:07 GMT" skipped="0">
  <testcase classname="FlipKart.SignInandSignOut" name="doLoginandLogout" time="47.220"/>
</testsuite> <!-- FlipKart.SignInandSignOut -->
