<?xml version="1.0" encoding="UTF-8"?>
<!-- Generated by org.testng.reporters.JUnitReportReporter -->
<testsuite hostname="sb-HP-Pavilion-Sleekbook-15-PC" name="POM.RegistrationTest" tests="1" failures="0" timestamp="4 Jun 2019 11:41:35 GMT" time="9.765" errors="0">
  <testcase name="verifyFlightReg" time="9.765" classname="POM.RegistrationTest"/>
</testsuite> <!-- POM.RegistrationTest -->
